2016.04.24-16.50.09,1131 ,912
2016.04.24-16.50.17,60 ,0
2016.04.24-16.50.20,120 ,0
2016.04.24-16.50.23,60 ,0
2016.04.24-16.50.26,186 ,54
2016.04.24-16.50.29,60 ,0
2016.04.24-16.50.32,186 ,54
2016.04.24-16.50.35,0 ,0
2016.04.24-16.50.38,2059 ,463
2016.04.24-16.50.41,0 ,54
2016.04.24-16.50.44,289 ,325
2016.04.24-16.50.47,0 ,0
2016.04.24-16.50.50,120 ,0
2016.04.24-16.50.53,60 ,0
2016.04.24-16.50.56,120 ,0
2016.04.24-16.50.59,1260 ,1897
2016.04.24-16.51.02,120 ,0
2016.04.24-16.51.05,60 ,0
2016.04.24-16.51.08,335 ,553
2016.04.24-16.51.11,120 ,0
2016.04.24-16.51.14,60 ,0
2016.04.24-16.51.17,120 ,0
2016.04.24-16.51.20,126 ,54
2016.04.24-16.51.23,120 ,0
2016.04.24-16.51.26,60 ,0
2016.04.24-16.51.29,3741 ,2582
2016.04.24-16.51.32,60 ,0
2016.04.24-16.51.36,120 ,0
2016.04.24-16.51.39,120 ,0
2016.04.24-16.51.42,180 ,0
2016.04.24-16.51.45,120 ,0
2016.04.24-16.51.48,246 ,54
2016.04.24-16.51.51,120 ,0
2016.04.24-16.51.54,180 ,0
2016.04.24-16.51.57,252 ,108
2016.04.24-16.52.00,4780 ,3902
2016.04.24-16.52.03,120 ,0
2016.04.24-16.52.06,180 ,0
2016.04.24-16.52.09,120 ,0
2016.04.24-16.52.12,180 ,0
2016.04.24-16.52.15,60 ,0
2016.04.24-16.52.18,180 ,0
2016.04.24-16.52.21,120 ,0
2016.04.24-16.52.24,60 ,0
2016.04.24-16.52.27,60 ,0
2016.04.24-16.52.30,3681 ,2583
2016.04.24-16.52.33,60 ,0
2016.04.24-16.52.36,120 ,0
2016.04.24-16.52.39,11955 ,3982
2016.04.24-16.52.42,120 ,0
2016.04.24-16.52.45,120 ,0
2016.04.24-16.52.48,60 ,0
2016.04.24-16.52.51,120 ,0
2016.04.24-16.52.54,60 ,0
2016.04.24-16.52.57,120 ,0
2016.04.24-16.53.00,60 ,0
2016.04.24-16.53.03,120 ,0
2016.04.24-16.53.06,120 ,0
2016.04.24-16.53.09,306 ,108
2016.04.24-16.53.13,180 ,0
2016.04.24-16.53.16,180 ,0
2016.04.24-16.53.19,120 ,0
2016.04.24-16.53.22,120 ,0
2016.04.24-16.53.25,120 ,0
2016.04.24-16.53.28,120 ,0
2016.04.24-16.53.31,126 ,54
2016.04.24-16.53.34,120 ,0
2016.04.24-16.53.37,4616 ,2847
2016.04.24-16.53.40,21692 ,7782
2016.04.24-16.53.43,10128 ,8235
2016.04.24-16.53.46,3681 ,2582
2016.04.24-16.53.49,3351 ,2253
2016.04.24-16.53.52,3681 ,2582
2016.04.24-16.53.55,3741 ,2582
2016.04.24-16.53.58,3741 ,2585
2016.04.24-16.54.01,3747 ,2648
2016.04.24-16.54.04,3801 ,2582
2016.04.24-16.54.07,3681 ,2583
2016.04.24-16.54.10,3735 ,2517
2016.04.24-16.54.13,3964 ,2826
2016.04.24-16.54.16,3999 ,2781
2016.04.24-16.54.19,3615 ,2516
2016.04.24-16.54.22,5661 ,4562
2016.04.24-16.54.25,3801 ,2582
2016.04.24-16.54.28,3681 ,2583
2016.04.24-16.54.31,186 ,108
2016.04.24-16.54.34,120 ,0
2016.04.24-16.54.37,120 ,0
2016.04.24-16.54.40,5387 ,178
2016.04.24-16.54.43,60 ,0
2016.04.24-16.54.46,120 ,0
2016.04.24-16.54.50,120 ,0
2016.04.24-16.54.53,126 ,54
2016.04.24-16.54.56,60 ,0
2016.04.24-16.54.59,0 ,0
2016.04.24-16.55.02,3386 ,2287
2016.04.24-16.55.05,0 ,0
2016.04.24-16.55.08,60 ,0
2016.04.24-16.55.11,0 ,0
2016.04.24-16.55.14,60 ,0
2016.04.24-16.55.17,0 ,0
2016.04.24-16.55.20,60 ,0
2016.04.24-16.55.23,66 ,54
2016.04.24-16.55.26,60 ,0
2016.04.24-16.55.29,0 ,0
2016.04.24-16.55.32,60 ,0
2016.04.24-16.55.35,4663 ,2978
2016.04.24-16.55.38,60 ,0
2016.04.24-16.55.41,0 ,0
2016.04.24-16.55.44,60 ,0
2016.04.24-16.55.47,0 ,0
2016.04.24-16.55.50,126 ,54
2016.04.24-16.55.53,0 ,0
2016.04.24-16.55.56,60 ,0
2016.04.24-16.55.59,60 ,0
2016.04.24-16.56.02,0 ,0
2016.04.24-16.56.05,60 ,0
2016.04.24-16.56.08,0 ,0
2016.04.24-16.56.11,60 ,0
2016.04.24-16.56.14,4278 ,700
2016.04.24-16.56.17,2850 ,2336
2016.04.24-16.56.20,66 ,54
2016.04.24-16.56.24,60 ,0
2016.04.24-16.56.27,1031 ,66
2016.04.24-16.56.30,60 ,0
2016.04.24-16.56.33,0 ,0
2016.04.24-16.56.36,60 ,0
2016.04.24-16.56.39,0 ,0
2016.04.24-16.56.42,1991 ,132
2016.04.24-16.56.45,0 ,0
2016.04.24-16.56.48,60 ,0
2016.04.24-16.56.51,66 ,108
2016.04.24-16.56.54,60 ,0
2016.04.24-16.56.57,0 ,0
2016.04.24-16.57.00,60 ,0
2016.04.24-16.57.03,3621 ,2582
2016.04.24-16.57.06,60 ,0
2016.04.24-16.57.09,0 ,0
2016.04.24-16.57.12,126 ,54
2016.04.24-16.57.15,192 ,333
2016.04.24-16.57.18,60 ,0
2016.04.24-16.57.21,0 ,0
2016.04.24-16.57.24,60 ,0
2016.04.24-16.57.27,60 ,0
2016.04.24-16.57.30,0 ,0
2016.04.24-16.57.33,60 ,0
2016.04.24-16.57.36,0 ,0
2016.04.24-16.57.39,60 ,0
2016.04.24-16.57.42,2301 ,677
2016.04.24-16.57.45,3813 ,2715
2016.04.24-16.57.48,3687 ,2649
2016.04.24-16.57.52,370875 ,53276
2016.04.24-16.57.55,3687 ,2648
2016.04.24-16.57.58,3813 ,2713
2016.04.24-16.58.01,3291 ,2252
2016.04.24-16.58.04,3615 ,2516
2016.04.24-16.58.07,3753 ,2713
2016.04.24-16.58.10,60 ,0
2016.04.24-16.58.13,1735 ,1275
2016.04.24-16.58.16,60 ,0
2016.04.24-16.58.19,476 ,198
2016.04.24-16.58.22,45678 ,3620
2016.04.24-16.58.25,136 ,0
2016.04.24-16.58.28,1168 ,0
2016.04.24-16.58.31,1200 ,0
2016.04.24-16.58.34,1320 ,0
2016.04.24-16.58.37,7294 ,4072
2016.04.24-16.58.40,11736 ,178
2016.04.24-16.58.43,540 ,0
2016.04.24-16.58.46,60 ,0
2016.04.24-16.58.49,0 ,0
2016.04.24-16.58.52,120 ,0
2016.04.24-16.58.55,60 ,0
2016.04.24-16.58.58,60 ,0
2016.04.24-16.59.01,120 ,0
2016.04.24-16.59.04,134 ,54
2016.04.24-16.59.07,252 ,108
2016.04.24-16.59.10,60 ,0
2016.04.24-16.59.13,120 ,0
2016.04.24-16.59.16,0 ,0
2016.04.24-16.59.19,60 ,0
2016.04.24-16.59.22,60 ,0
2016.04.24-16.59.25,60 ,0
2016.04.24-16.59.29,192 ,108
2016.04.24-16.59.32,60 ,0
2016.04.24-16.59.35,0 ,103
2016.04.24-16.59.38,989 ,198
2016.04.24-16.59.41,5393 ,178
2016.04.24-16.59.44,60 ,0
2016.04.24-16.59.47,60 ,0
2016.04.24-16.59.50,192 ,108
2016.04.24-16.59.53,0 ,0
2016.04.24-16.59.56,120 ,0
2016.04.24-16.59.59,0 ,0
2016.04.24-17.00.02,60 ,0
2016.04.24-17.00.05,0 ,0
2016.04.24-17.00.08,60 ,0
2016.04.24-17.00.11,126 ,0
2016.04.24-17.00.14,60 ,0
2016.04.24-17.00.17,1108 ,0
2016.04.24-17.00.20,180 ,0
2016.04.24-17.00.23,1260 ,42
2016.04.24-17.00.26,1380 ,0
2016.04.24-17.00.29,1200 ,0
2016.04.24-17.00.32,1260 ,163
2016.04.24-17.00.35,298 ,162
2016.04.24-17.00.38,60 ,0
2016.04.24-17.00.41,396 ,617
2016.04.24-17.00.44,60 ,0
2016.04.24-17.00.47,120 ,0
2016.04.24-17.00.50,0 ,0
2016.04.24-17.00.53,60 ,0
2016.04.24-17.00.56,0 ,0
2016.04.24-17.00.59,60 ,0
2016.04.24-17.01.02,0 ,0
2016.04.24-17.01.05,60 ,0
2016.04.24-17.01.09,0 ,0
2016.04.24-17.01.12,126 ,54
2016.04.24-17.01.15,0 ,0
2016.04.24-17.01.18,60 ,0
2016.04.24-17.01.21,0 ,0
2016.04.24-17.01.24,60 ,0
2016.04.24-17.01.27,0 ,0
2016.04.24-17.01.30,60 ,0
2016.04.24-17.01.33,0 ,0
2016.04.24-17.01.36,192 ,295
2016.04.24-17.01.39,0 ,0
2016.04.24-17.01.42,60 ,0
2016.04.24-17.01.45,0 ,0
2016.04.24-17.01.48,60 ,0
2016.04.24-17.01.51,0 ,0
2016.04.24-17.01.54,60 ,0
2016.04.24-17.01.57,0 ,54
2016.04.24-17.02.00,60 ,0
2016.04.24-17.02.03,0 ,0
2016.04.24-17.02.06,60 ,0
2016.04.24-17.02.09,0 ,0
2016.04.24-17.02.12,60 ,0
2016.04.24-17.02.15,0 ,0
2016.04.24-17.02.18,0 ,0
2016.04.24-17.02.21,60 ,0
2016.04.24-17.02.24,0 ,0
2016.04.24-17.02.27,60 ,0
2016.04.24-17.02.30,0 ,0
2016.04.24-17.02.33,60 ,0
2016.04.24-17.02.36,0 ,0
2016.04.24-17.02.39,315 ,2391
2016.04.24-17.02.42,0 ,426
2016.04.24-17.02.46,5711 ,1718
2016.04.24-17.02.49,0 ,0
2016.04.24-17.02.52,60 ,0
2016.04.24-17.02.55,0 ,0
2016.04.24-17.02.58,60 ,0
2016.04.24-17.03.01,66 ,54
2016.04.24-17.03.04,60 ,0
2016.04.24-17.03.07,0 ,0
2016.04.24-17.03.10,60 ,0
2016.04.24-17.03.13,0 ,0
2016.04.24-17.03.16,60 ,0
2016.04.24-17.03.19,0 ,0
2016.04.24-17.03.22,60 ,0
2016.04.24-17.03.25,60 ,0
2016.04.24-17.03.28,120 ,0
2016.04.24-17.03.31,126 ,54
2016.04.24-17.03.34,120 ,0
2016.04.24-17.03.37,60 ,0
2016.04.24-17.03.40,10358 ,0
2016.04.24-17.03.43,2598 ,6223
2016.04.24-17.03.46,120 ,0
2016.04.24-17.03.49,60 ,0
2016.04.24-17.03.52,60 ,0
2016.04.24-17.03.55,120 ,0
2016.04.24-17.03.58,60 ,0
2016.04.24-17.04.01,120 ,0
2016.04.24-17.04.04,60 ,0
2016.04.24-17.04.07,180 ,0
2016.04.24-17.04.10,120 ,0
2016.04.24-17.04.13,180 ,0
2016.04.24-17.04.16,120 ,0
2016.04.24-17.04.20,180 ,0
2016.04.24-17.04.23,120 ,0
2016.04.24-17.04.26,120 ,0
2016.04.24-17.04.29,120 ,0
2016.04.24-17.04.32,180 ,0
2016.04.24-17.04.35,1156 ,330
2016.04.24-17.04.38,120 ,0
2016.04.24-17.04.41,5209 ,0
2016.04.24-17.04.44,2282 ,529
2016.04.24-17.04.47,126 ,54
2016.04.24-17.04.50,180 ,0
2016.04.24-17.04.53,126 ,132
2016.04.24-17.04.56,120 ,0
2016.04.24-17.04.59,120 ,0
2016.04.24-17.05.02,120 ,0
2016.04.24-17.05.05,770 ,1327
2016.04.24-17.05.08,3807 ,2636
2016.04.24-17.05.11,3621 ,2582
2016.04.24-17.05.14,3681 ,2582
2016.04.24-17.05.17,3753 ,2702
2016.04.24-17.05.20,3681 ,2584
2016.04.24-17.05.23,3681 ,2582
2016.04.24-17.05.26,3621 ,2582
2016.04.24-17.05.29,3681 ,2582
2016.04.24-17.05.32,3621 ,2582
2016.04.24-17.05.35,3681 ,2583
2016.04.24-17.05.38,3753 ,2701
2016.04.24-17.05.41,3793 ,2694
2016.04.24-17.05.44,3831 ,3055
2016.04.24-17.05.48,3747 ,2636
2016.04.24-17.05.51,3753 ,2693
2016.04.24-17.05.54,3747 ,2649
2016.04.24-17.05.57,3489 ,2451
2016.04.24-17.06.00,3681 ,2584
2016.04.24-17.06.03,3621 ,2583
2016.04.24-17.06.06,3747 ,2648
2016.04.24-17.06.09,3621 ,2582
2016.04.24-17.06.12,3681 ,2582
2016.04.24-17.06.15,3687 ,2649
2016.04.24-17.06.18,3681 ,2570
2016.04.24-17.06.21,5205 ,4210
2016.04.24-17.06.24,5331 ,4231
2016.04.24-17.06.27,4473 ,3374
2016.04.24-17.06.30,5793 ,4694
2016.04.24-17.06.33,4077 ,3141
2016.04.24-17.06.36,3675 ,2517
2016.04.24-17.06.39,3687 ,2648
2016.04.24-17.06.42,3991 ,2892
2016.04.24-17.06.45,3681 ,2583
2016.04.24-17.06.48,3681 ,2582
2016.04.24-17.06.51,3687 ,2648
2016.04.24-17.06.54,3621 ,2582
2016.04.24-17.06.57,3681 ,2582
2016.04.24-17.07.00,3621 ,2583
2016.04.24-17.07.03,3873 ,2715
2016.04.24-17.07.06,3555 ,2516
2016.04.24-17.07.09,3813 ,2714
2016.04.24-17.07.12,3555 ,2515
2016.04.24-17.07.15,3681 ,2582
2016.04.24-17.07.19,3555 ,2516
2016.04.24-17.07.22,3615 ,2516
2016.04.24-17.07.25,3687 ,2648
2016.04.24-17.07.28,3681 ,2582
2016.04.24-17.07.31,3621 ,2582
2016.04.24-17.07.34,3681 ,2582
2016.04.24-17.07.37,3813 ,4922
2016.04.24-17.07.40,3813 ,2716
2016.04.24-17.07.43,3865 ,2939
2016.04.24-17.07.46,3747 ,2646
2016.04.24-17.07.49,3687 ,2648
2016.04.24-17.07.52,3351 ,2252
2016.04.24-17.07.55,3621 ,2583
2016.04.24-17.07.58,3681 ,2586
2016.04.24-17.08.01,3555 ,2516
2016.04.24-17.08.04,3681 ,2582
2016.04.24-17.08.07,3687 ,2636
2016.04.24-17.08.10,3681 ,2583
2016.04.24-17.08.13,0 ,0
2016.04.24-17.08.16,0 ,0
2016.04.24-17.08.19,60 ,0
2016.04.24-17.08.22,0 ,0
2016.04.24-17.08.25,60 ,0
2016.04.24-17.08.28,0 ,0
2016.04.24-17.08.31,60 ,0
2016.04.24-17.08.34,0 ,0
2016.04.24-17.08.37,995 ,252
2016.04.24-17.08.40,10298 ,0
2016.04.24-17.08.44,60 ,0
2016.04.24-17.08.47,0 ,0
2016.04.24-17.08.50,60 ,0
2016.04.24-17.08.53,0 ,0
2016.04.24-17.08.56,60 ,0
2016.04.24-17.08.59,0 ,0
2016.04.24-17.09.02,60 ,0
2016.04.24-17.09.05,0 ,0
2016.04.24-17.09.08,60 ,54
2016.04.24-17.09.11,0 ,0
2016.04.24-17.09.14,60 ,0
2016.04.24-17.09.17,0 ,0
2016.04.24-17.09.20,60 ,0
2016.04.24-17.09.23,0 ,0
2016.04.24-17.09.26,2683 ,2951
2016.04.24-17.09.29,0 ,0
2016.04.24-17.09.32,0 ,106
2016.04.24-17.09.35,2060 ,1801
2016.04.24-17.09.38,90 ,90
2016.04.24-17.09.41,60 ,0
2016.04.24-17.10.03,0 ,0
2016.04.24-17.11.51,60 ,42
2016.04.24-17.11.54,13776 ,10072
2016.04.24-17.11.57,8376 ,5407
2016.04.24-17.12.00,1450 ,3778
2016.04.24-17.12.03,2659 ,3882
2016.04.24-17.12.06,330 ,4881
2016.04.24-17.12.09,6120 ,4667
2016.04.24-17.12.13,688 ,4616
2016.04.24-17.12.16,499 ,499
2016.04.24-17.12.19,505 ,553
2016.04.24-17.12.22,223 ,108
2016.04.24-17.12.25,66 ,54
2016.04.24-17.12.28,390 ,270
2016.04.24-17.12.31,0 ,0
2016.04.24-17.12.34,143979 ,19512
2016.04.24-17.12.37,11539 ,14874
2016.04.24-17.12.40,5453533 ,35848
2016.04.24-17.12.43,9734231 ,65989
2016.04.24-17.12.46,7571626 ,49248
2016.04.24-17.12.49,10979670 ,74080
2016.04.24-17.12.52,510416 ,3883
2016.04.24-17.12.56,425 ,353
2016.04.24-17.12.59,1473638 ,9483
2016.04.24-17.13.02,143434 ,2615
2016.04.24-17.13.05,0 ,0
2016.04.24-17.13.08,1139 ,1176
2016.04.24-17.13.11,215601 ,2046
2016.04.24-17.13.14,258 ,162
2016.04.24-17.13.17,0 ,0
2016.04.24-17.13.20,60 ,0
2016.04.24-17.13.23,0 ,0
2016.04.24-17.13.26,1051344 ,7519
2016.04.24-17.13.29,126 ,54
2016.04.24-17.13.32,330 ,14716
2016.04.24-17.13.35,1461206 ,10105
2016.04.24-17.13.38,1316018 ,13142
2016.04.24-17.13.42,60 ,0
2016.04.24-17.13.45,0 ,54
2016.04.24-17.13.48,60 ,0
2016.04.24-17.13.51,782669 ,5908
2016.04.24-17.13.54,5481 ,3511
2016.04.24-17.13.57,3555 ,2504
2016.04.24-17.14.00,3712 ,2668
2016.04.24-17.14.03,900072 ,8526
2016.04.24-17.14.06,146866 ,4882
2016.04.24-17.14.09,3423 ,2384
2016.04.24-17.14.12,3681 ,2582
2016.04.24-17.14.15,3219 ,2120
2016.04.24-17.14.18,970180 ,9385
2016.04.24-17.14.21,146749 ,4749
2016.04.24-17.14.24,3555 ,2517
2016.04.24-17.14.28,197115 ,4039
2016.04.24-17.14.31,1315547 ,10704
2016.04.24-17.14.34,3549 ,2450
2016.04.24-17.14.37,3711 ,6277
2016.04.24-17.14.40,9991 ,7570
2016.04.24-17.14.43,19243 ,3642
2016.04.24-17.14.46,3549 ,2450
2016.04.24-17.14.49,3555 ,2516
2016.04.24-17.14.52,3219 ,2121
2016.04.24-17.14.55,5001 ,2120
2016.04.24-17.14.58,1106636 ,10708
2016.04.24-17.15.01,3555 ,2493
2016.04.24-17.15.04,2955 ,1855
2016.04.24-17.15.07,1455170 ,12155
2016.04.24-17.15.10,126 ,1446
2016.04.24-17.15.13,258 ,519
2016.04.24-17.15.16,0 ,0
2016.04.24-17.15.19,2056477 ,13401
2016.04.24-17.15.22,2141615 ,13934
2016.04.24-17.15.25,142356 ,1777
2016.04.24-17.15.28,1742285 ,10956
2016.04.24-17.15.31,839909 ,5268
2016.04.24-17.15.35,2304691 ,14457
2016.04.24-17.15.38,60 ,0
2016.04.24-17.15.41,10298 ,0
2016.04.24-17.15.44,60 ,0
2016.04.24-17.15.47,266564 ,3044
2016.04.24-17.15.50,126 ,54
2016.04.24-17.15.53,178 ,290
2016.04.24-17.15.56,60 ,0
2016.04.24-17.15.59,1777116 ,11092
2016.04.24-17.16.02,1155356 ,7911
2016.04.24-17.16.05,60 ,0
2016.04.24-17.16.08,0 ,0
2016.04.24-17.16.11,60 ,0
2016.04.24-17.16.15,959370 ,6936
2016.04.24-17.16.18,60 ,0
2016.04.24-17.16.21,66 ,54
2016.04.24-17.16.24,60 ,0
2016.04.24-17.16.27,1398704 ,9640
2016.04.24-17.16.30,766 ,66
2016.04.24-17.16.33,66 ,54
2016.04.24-17.16.36,192 ,295
2016.04.24-17.16.39,1125026 ,7895
2016.04.24-17.16.42,1192130 ,8055
2016.04.24-17.16.46,143618 ,2430
2016.04.24-17.16.49,0 ,0
2016.04.24-17.16.52,543345 ,3234
2016.04.24-17.16.55,532102 ,5883
2016.04.24-17.16.58,2757 ,1659
2016.04.24-17.17.01,3351 ,2240
2016.04.24-17.17.04,3225 ,2186
2016.04.24-17.17.07,4601 ,2120
2016.04.24-17.17.10,3621 ,3246
2016.04.24-17.17.13,3747 ,2648
2016.04.24-17.17.17,3489 ,2450
2016.04.24-17.17.20,3021 ,1922
2016.04.24-17.17.23,1103708 ,9449
2016.04.24-17.17.26,3351 ,2252
2016.04.24-17.17.29,3423 ,2386
2016.04.24-17.17.32,3021 ,1977
2016.04.24-17.17.35,2011773 ,15656
2016.04.24-17.17.38,9314 ,8806
2016.04.24-17.17.41,19127 ,21260
2016.04.24-17.17.44,1035006 ,8125
2016.04.24-17.17.47,1945268 ,14787
2016.04.24-17.17.50,3093 ,2785
2016.04.24-17.17.54,3153 ,2054
2016.04.24-17.17.57,192761 ,13048
2016.04.24-17.18.00,2250344 ,16516
2016.04.24-17.18.03,1316372 ,11630
2016.04.24-17.18.06,145961 ,4226
2016.04.24-17.18.09,3489 ,2438
2016.04.24-17.18.12,2053004 ,16092
2016.04.24-17.18.15,1750214 ,13674
2016.04.24-17.18.18,1443976 ,41983
2016.04.24-17.18.21,3483 ,2543
2016.04.24-17.18.25,1147 ,1088
2016.04.24-17.18.28,917503 ,5721
2016.04.24-17.18.31,0 ,0
2016.04.24-17.18.34,5294 ,5590
2016.04.24-17.18.37,408387 ,8601
2016.04.24-17.18.40,66 ,54
2016.04.24-17.18.44,638375 ,4488
2016.04.24-17.18.47,1649229 ,11025
2016.04.24-17.18.50,126 ,54
2016.04.24-17.18.53,0 ,54
2016.04.24-17.18.56,5813 ,3952
2016.04.24-17.18.59,1776132 ,12280
2016.04.24-17.19.02,0 ,0
2016.04.24-17.19.06,60 ,0
2016.04.24-17.19.09,0 ,0
2016.04.24-17.19.12,243424 ,1584
2016.04.24-17.19.15,216879 ,2116
2016.04.24-17.19.18,60 ,0
2016.04.24-17.19.21,60 ,0
2016.04.24-17.19.24,1799353 ,11277
2016.04.24-17.19.27,1635565 ,10564
2016.04.24-17.19.31,0 ,0
2016.04.24-17.19.34,126 ,361
2016.04.24-17.19.37,6326 ,6172
2016.04.24-17.19.40,2691 ,2256
2016.04.24-17.19.43,5889 ,19468
2016.04.24-17.19.46,1546 ,1027
2016.04.24-17.19.50,1560897 ,12622
2016.04.24-17.19.53,2961 ,1923
2016.04.24-17.19.56,3219 ,2121
2016.04.24-17.19.59,2961 ,1922
2016.04.24-17.20.02,2697 ,1659
2016.04.24-17.20.05,3285 ,2186
2016.04.24-17.20.09,1046601 ,7730
2016.04.24-17.20.12,60 ,0
2016.04.24-17.20.15,66 ,54
2016.04.24-17.20.18,1165590 ,11438
2016.04.24-17.20.21,0 ,0
2016.04.24-17.20.24,0 ,0
2016.04.24-17.20.27,1521907 ,10700
2016.04.24-17.20.31,1375041 ,9244
2016.04.24-17.20.34,60 ,0
2016.04.24-17.20.37,126 ,2406
2016.04.24-17.20.40,60 ,0
2016.04.24-17.20.43,11962 ,994
2016.04.24-17.20.46,148230 ,3285
2016.04.24-17.20.49,60 ,0
2016.04.24-17.20.53,0 ,0
2016.04.24-17.20.56,2060 ,540
2016.04.24-17.20.59,0 ,0
2016.04.24-17.21.02,329110 ,2013
2016.04.24-17.21.06,4211 ,4994
2016.04.24-17.21.09,2631 ,1582
2016.04.24-17.21.12,2691 ,1502
2016.04.24-17.21.15,3027 ,1988
2016.04.24-17.21.18,145546 ,3832
2016.04.24-17.21.21,3219 ,2120
2016.04.24-17.21.25,864236 ,8726
2016.04.24-17.21.28,42909 ,3113
2016.04.24-17.21.31,3159 ,2120
2016.04.24-17.21.34,28011 ,7902
2016.04.24-17.21.37,66901 ,3261
2016.04.24-17.21.40,5807 ,4966
2016.04.24-17.21.43,3153 ,2054
2016.04.24-17.21.46,50964 ,19453
2016.04.24-17.21.50,78504 ,5087
2016.04.24-17.21.53,3093 ,2054
2016.04.24-17.21.56,5392 ,2769
2016.04.24-17.21.59,3357 ,2318
2016.04.24-17.22.02,60 ,0
2016.04.24-17.22.05,60 ,0
2016.04.24-17.22.08,243239 ,2314
2016.04.24-17.22.12,60 ,0
2016.04.24-17.22.15,0 ,0
2016.04.24-17.22.18,60 ,0
2016.04.24-17.22.21,0 ,0
2016.04.24-17.22.24,4153 ,2889
2016.04.24-17.22.27,66 ,54
2016.04.24-17.22.30,60 ,0
2016.04.24-17.22.33,810 ,1084
2016.04.24-17.22.36,60 ,163
2016.04.24-17.22.39,126 ,54
2016.04.24-17.22.42,132 ,198
2016.04.24-17.22.45,60 ,0
2016.04.24-17.22.48,0 ,0
2016.04.24-17.22.52,60 ,0
2016.04.24-17.22.55,4336 ,776
2016.04.24-17.22.58,60 ,0
2016.04.24-17.23.01,0 ,0
2016.04.24-17.23.04,60 ,0
2016.04.24-17.23.07,126 ,54
2016.04.24-17.23.10,0 ,0
2016.04.24-17.23.13,126 ,198
2016.04.24-17.23.17,66 ,54
2016.04.24-17.23.20,60 ,0
2016.04.24-17.23.23,60 ,0
2016.04.24-17.23.26,0 ,0
2016.04.24-17.23.30,60 ,0
2016.04.24-17.23.33,522 ,18168
2016.04.24-17.23.36,0 ,0
2016.04.24-17.23.40,60 ,0
2016.04.24-17.23.43,0 ,0
2016.04.24-17.23.46,0 ,4634
2016.04.24-17.23.50,60 ,0
2016.04.24-17.23.53,60 ,0
2016.04.24-17.23.57,2040 ,198
2016.04.24-17.24.00,3021 ,1923
2016.04.24-17.24.03,2691 ,1593
2016.04.24-17.24.07,3027 ,1988
2016.04.24-17.24.10,66 ,66
2016.04.24-17.24.13,60 ,0
2016.04.24-17.24.17,0 ,0
2016.04.24-17.24.20,60 ,0
2016.04.24-17.24.23,60 ,0
2016.04.24-17.24.27,0 ,0
2016.04.24-17.24.30,60 ,0
2016.04.24-17.24.33,60 ,0
2016.04.24-17.24.36,0 ,0
2016.04.24-17.24.40,126 ,54
2016.04.24-17.24.43,0 ,0
2016.04.24-17.24.46,60 ,0
2016.04.24-17.24.49,4594 ,17470
2016.04.24-17.24.52,0 ,0
2016.04.24-17.24.56,60 ,0
2016.04.24-17.24.59,0 ,0
2016.04.24-17.25.02,60 ,0
2016.04.24-17.25.05,60 ,0
2016.04.24-17.25.08,5121 ,14764
2016.04.24-17.25.11,60 ,0
2016.04.24-17.25.14,0 ,0
2016.04.24-17.25.17,60 ,0
2016.04.24-17.25.20,0 ,0
2016.04.24-17.25.24,126 ,54
2016.04.24-17.25.27,0 ,0
2016.04.24-17.25.30,126 ,54
2016.04.24-17.25.33,132 ,295
2016.04.24-17.25.36,60 ,0
2016.04.24-17.25.39,0 ,0
2016.04.24-17.25.42,10358 ,0
2016.04.24-17.25.45,0 ,0
2016.04.24-17.25.48,60 ,0
2016.04.24-17.25.51,0 ,0
2016.04.24-17.25.54,60 ,0
2016.04.24-17.25.57,0 ,331
2016.04.24-17.26.00,126 ,54
2016.04.24-17.26.03,0 ,0
2016.04.24-17.26.06,60 ,0
2016.04.24-17.26.09,0 ,0
2016.04.24-17.26.12,60 ,0
2016.04.24-17.26.15,0 ,0
2016.04.24-17.26.18,60 ,0
2016.04.24-17.26.21,0 ,0
2016.04.24-17.26.24,60 ,0
2016.04.24-17.26.27,0 ,0
2016.04.24-17.26.30,60 ,0
2016.04.24-17.26.33,523 ,1196
2016.04.24-17.26.36,3687 ,2646
2016.04.24-17.26.39,4587 ,2846
2016.04.24-17.26.42,3621 ,2582
2016.04.24-17.26.45,3681 ,2582
2016.04.24-17.26.48,3687 ,2646
2016.04.24-17.26.51,3813 ,2690
2016.04.24-17.26.54,3621 ,2581
2016.04.24-17.26.57,5839 ,3110
2016.04.24-17.27.01,3621 ,2582
2016.04.24-17.27.04,3681 ,2583
2016.04.24-17.27.07,3621 ,2583
2016.04.24-17.27.10,3681 ,2582
2016.04.24-17.27.13,3753 ,2702
2016.04.24-17.27.16,3681 ,2582
2016.04.24-17.27.19,3621 ,2583
2016.04.24-17.27.22,5331 ,4231
2016.04.24-17.27.25,3951 ,2913
2016.04.24-17.27.28,3681 ,2570
2016.04.24-17.27.31,4413 ,3375
2016.04.24-17.27.34,4011 ,2913
2016.04.24-17.27.37,3621 ,2582
2016.04.24-17.27.40,3747 ,2648
2016.04.24-17.27.43,3753 ,2703
2016.04.24-17.27.46,3681 ,2582
2016.04.24-17.27.49,3621 ,2581
2016.04.24-17.27.52,3681 ,2583
2016.04.24-17.27.55,3885 ,2846
2016.04.24-17.27.58,5852 ,3178
2016.04.24-17.28.01,3621 ,2582
2016.04.24-17.28.04,3747 ,2647
2016.04.24-17.28.07,3753 ,2713
2016.04.24-17.28.10,3747 ,2648
2016.04.24-17.28.13,3681 ,2583
2016.04.24-17.28.16,3621 ,2582
2016.04.24-17.28.19,3747 ,2649
2016.04.24-17.28.22,3621 ,2582
2016.04.24-17.28.25,3615 ,2514
2016.04.24-17.28.28,3621 ,2583
2016.04.24-17.28.31,3681 ,2582
2016.04.24-17.28.34,3621 ,2583
2016.04.24-17.28.38,3813 ,2713
2016.04.24-17.28.41,3621 ,2583
2016.04.24-17.28.44,3681 ,2583
2016.04.24-17.28.47,3621 ,2582
2016.04.24-17.28.50,3681 ,2583
2016.04.24-17.28.53,3687 ,2650
2016.04.24-17.28.56,3747 ,2649
2016.04.24-17.28.59,3687 ,2649
2016.04.24-17.29.02,3681 ,2582
2016.04.24-17.29.05,3621 ,2583
2016.04.24-17.29.08,3747 ,2647
2016.04.24-17.29.11,3555 ,2516
2016.04.24-17.29.14,3747 ,2649
2016.04.24-17.29.17,3621 ,2582
2016.04.24-17.29.20,3681 ,2582
2016.04.24-17.29.23,3621 ,2582
2016.04.24-17.29.26,3747 ,2647
2016.04.24-17.29.29,3687 ,2649
2016.04.24-17.29.32,3681 ,2582
2016.04.24-17.29.35,4502 ,2846
2016.04.24-17.29.38,3615 ,2516
2016.04.24-17.29.41,8770 ,6473
2016.04.24-17.29.44,3549 ,2449
2016.04.24-17.29.47,3747 ,2625
2016.04.24-17.29.50,3613 ,1584
2016.04.24-17.29.53,60 ,0
2016.04.24-17.29.56,178 ,178
2016.04.24-17.29.59,60 ,0
2016.04.24-17.30.02,0 ,54
2016.04.24-17.30.05,60 ,0
2016.04.24-17.30.09,66 ,54
2016.04.24-17.30.12,60 ,0
2016.04.24-17.30.15,0 ,0
2016.04.24-17.30.18,126 ,54
2016.04.24-17.30.21,0 ,0
2016.04.24-17.30.24,60 ,0
2016.04.24-17.30.27,0 ,0
2016.04.24-17.30.30,60 ,0
2016.04.24-17.30.33,0 ,0
2016.04.24-17.30.36,60 ,0
2016.04.24-17.30.39,66 ,54
2016.04.24-17.30.42,10358 ,0
2016.04.24-17.30.45,0 ,0
2016.04.24-17.30.48,126 ,54
2016.04.24-17.30.51,0 ,0
2016.04.24-17.30.54,60 ,0
2016.04.24-17.30.57,290 ,244
2016.04.24-17.31.00,60 ,0
2016.04.24-17.31.03,0 ,0
2016.04.24-17.31.06,60 ,0
2016.04.24-17.31.09,0 ,0
2016.04.24-17.31.12,60 ,0
2016.04.24-17.31.15,60 ,0
